<?xml version="1.0" encoding="UTF-8"?>
<!-- Generated by org.testng.reporters.JUnitReportReporter -->
<testsuite skipped="0" hostname="Christy-PC" name="com.inetbanking.testCases.Demo1" tests="1" failures="0" timestamp="19 Sep 2021 19:06:24 GMT" time="0.010" errors="0">
  <testcase name="Checking" time="0.010" classname="com.inetbanking.testCases.Demo1"/>
</testsuite> <!-- com.inetbanking.testCases.Demo1 -->
