<?xml version="1.0" encoding="UTF-8"?>
<!-- Generated by org.testng.reporters.JUnitReportReporter -->
<testsuite hostname="Christy-PC" failures="0" tests="1" name="com.inetbanking.testCases.TC_AddCustomerTest_003" time="15.342" errors="0" timestamp="09 Aug 2021 19:25:12 GMT" skipped="0">
  <testcase classname="com.inetbanking.testCases.TC_AddCustomerTest_003" name="AddNewCustomer" time="15.342"/>
</testsuite> <!-- com.inetbanking.testCases.TC_AddCustomerTest_003 -->
