<?xml version="1.0" encoding="UTF-8"?>
<!-- Generated by org.testng.reporters.JUnitReportReporter -->
<testsuite skipped="0" hostname="Christy-PC" name="com.inetbanking.testCases.Demo3" tests="1" failures="0" timestamp="19 Sep 2021 19:06:24 GMT" time="0.002" errors="0">
  <testcase name="reverse" time="0.002" classname="com.inetbanking.testCases.Demo3"/>
</testsuite> <!-- com.inetbanking.testCases.Demo3 -->
