<?xml version="1.0" encoding="UTF-8"?>
<!-- Generated by org.testng.reporters.JUnitReportReporter -->
<testsuite hostname="Christy-PC" failures="0" tests="1" name="com.inetbanking.testCases.TC_EditCustomerTest_004" time="22.409" errors="0" timestamp="31 Jul 2021 09:59:22 GMT" skipped="0">
  <testcase classname="com.inetbanking.testCases.TC_EditCustomerTest_004" name="EditCustomer" time="22.409"/>
</testsuite> <!-- com.inetbanking.testCases.TC_EditCustomerTest_004 -->
