<?xml version="1.0" encoding="UTF-8"?>
<!-- Generated by org.testng.reporters.JUnitReportReporter -->
<testsuite skipped="0" hostname="Christy-PC" name="com.inetbanking.testCases.ReadingArray1" tests="4" failures="0" timestamp="08 Oct 2021 16:06:15 GMT" time="0.015" errors="0">
  <testcase name="profile" time="0.000" classname="com.inetbanking.testCases.ReadingArray1"/>
  <testcase name="profile" time="0.015" classname="com.inetbanking.testCases.ReadingArray1"/>
  <testcase name="profile" time="0.000" classname="com.inetbanking.testCases.ReadingArray1"/>
  <testcase name="profile" time="0.000" classname="com.inetbanking.testCases.ReadingArray1"/>
</testsuite> <!-- com.inetbanking.testCases.ReadingArray1 -->
