<?xml version="1.0" encoding="UTF-8"?>
<!-- Generated by org.testng.reporters.JUnitReportReporter -->
<testsuite hostname="Christy-PC" failures="0" tests="2" name="com.inetbanking.testCases.TC_NewAccountTest_005" time="26.382" errors="0" timestamp="31 Jul 2021 16:28:13 GMT" skipped="0">
  <testcase classname="com.inetbanking.testCases.TC_NewAccountTest_005" name="NewAccount1" time="8.733"/>
  <testcase classname="com.inetbanking.testCases.TC_NewAccountTest_005" name="NewAccount2" time="17.649"/>
</testsuite> <!-- com.inetbanking.testCases.TC_NewAccountTest_005 -->
